<?xml version="1.0" encoding="utf-8"?><testsuites name="pytest tests"><testsuite name="pytest" errors="0" failures="0" skipped="0" tests="27" time="6.039" timestamp="2026-07-02T03:36:56.456408+00:00" hostname="agent-env-6ef6c9a8-9982-4c54-b2c0-127585b6864e"><testcase classname="tests.test_sourapple_v2" name="test_admin_login" time="1.509" /><testcase classname="tests.test_sourapple_v2" name="test_student_login" time="0.320" /><testcase classname="tests.test_sourapple_v2" name="test_create_college_order_tracking_mvcc" time="0.078" /><testcase classname="tests.test_sourapple_v2" name="test_create_college_order_tracking_utica" time="0.064" /><testcase classname="tests.test_sourapple_v2" name="test_create_non_college_order_tracking" time="0.068" /><testcase classname="tests.test_sourapple_v2" name="test_dry_cleaning_not_in_service_types" time="0.272" /><testcase classname="tests.test_sourapple_v2" name="test_payment_methods" time="0.099" /><testcase classname="tests.test_sourapple_v2" name="test_manual_payment_cashapp" time="0.081" /><testcase classname="tests.test_sourapple_v2" name="test_manual_payment_venmo" time="0.102" /><testcase classname="tests.test_sourapple_v2" name="test_stripe_checkout_returns_url" time="1.306" /><testcase classname="tests.test_sourapple_v2" name="test_student_post_message" time="0.067" /><testcase classname="tests.test_sourapple_v2" name="test_admin_post_message" time="0.068" /><testcase classname="tests.test_sourapple_v2" name="test_get_messages_ordered" time="0.068" /><testcase classname="tests.test_sourapple_v2" name="test_other_student_blocked_from_messages" time="0.182" /><testcase classname="tests.test_sourapple_v2" name="test_confirm_pickup" time="0.235" /><testcase classname="tests.test_sourapple_v2" name="test_request_change" time="0.139" /><testcase classname="tests.test_sourapple_v2" name="test_cancel_when_pending_ok" time="0.222" /><testcase classname="tests.test_sourapple_v2" name="test_cancel_after_started_400" time="0.242" /><testcase classname="tests.test_sourapple_v2" name="test_admin_approve_college_order" time="0.070" /><testcase classname="tests.test_sourapple_v2" name="test_admin_set_schedule_clears_change_request" time="0.071" /><testcase classname="tests.test_sourapple_v2" name="test_admin_calendar_excludes_pending_and_cancelled" time="0.066" /><testcase classname="tests.test_sourapple_v2" name="test_admin_alerts" time="0.073" /><testcase classname="tests.test_sourapple_v2" name="test_admin_set_status_ready_for_pickup" time="0.065" /><testcase classname="tests.test_sourapple_v2" name="test_admin_set_status_cancelled" time="0.171" /><testcase classname="tests.test_sourapple_v2" name="test_other_student_cannot_confirm_pickup" time="0.081" /><testcase classname="tests.test_sourapple_v2" name="test_other_student_cannot_cancel" time="0.070" /><testcase classname="tests.test_sourapple_v2" name="test_student_cannot_hit_admin_endpoints" time="0.148" /></testsuite></testsuites>