<?xml version="1.0" encoding="utf-8"?><testsuites name="pytest tests"><testsuite name="pytest" errors="0" failures="2" skipped="0" tests="29" time="7.200" timestamp="2026-07-01T04:03:00.472070+00:00" hostname="agent-env-6ef6c9a8-9982-4c54-b2c0-127585b6864e"><testcase classname="backend.tests.test_sourapple_api" name="test_login_wrong_password" time="1.558" /><testcase classname="backend.tests.test_sourapple_api" name="test_register_admin_blocked" time="0.085" /><testcase classname="backend.tests.test_sourapple_api" name="test_register_student_ok" time="0.293" /><testcase classname="backend.tests.test_sourapple_api" name="test_register_driver_ok" time="0.306" /><testcase classname="backend.tests.test_sourapple_api" name="test_register_duplicate" time="0.069" /><testcase classname="backend.tests.test_sourapple_api" name="test_me_and_update" time="0.188" /><testcase classname="backend.tests.test_sourapple_api" name="test_me_no_auth" time="0.078" /><testcase classname="backend.tests.test_sourapple_api" name="test_estimate" time="0.083" /><testcase classname="backend.tests.test_sourapple_api" name="test_create_order_and_qr" time="0.073" /><testcase classname="backend.tests.test_sourapple_api" name="test_create_order_forbidden_for_driver" time="0.090" /><testcase classname="backend.tests.test_sourapple_api" name="test_my_orders_persist" time="0.066" /><testcase classname="backend.tests.test_sourapple_api" name="test_get_order_by_other_student_denied" time="0.373" /><testcase classname="backend.tests.test_sourapple_api" name="test_admin_orders_list" time="0.066" /><testcase classname="backend.tests.test_sourapple_api" name="test_student_cannot_admin" time="0.075" /><testcase classname="backend.tests.test_sourapple_api" name="test_admin_approve" time="0.071" /><testcase classname="backend.tests.test_sourapple_api" name="test_admin_release_job" time="0.138" /><testcase classname="backend.tests.test_sourapple_api" name="test_qr_lookup" time="0.067" /><testcase classname="backend.tests.test_sourapple_api" name="test_qr_lookup_404" time="0.086" /><testcase classname="backend.tests.test_sourapple_api" name="test_admin_analytics" time="0.067" /><testcase classname="backend.tests.test_sourapple_api" name="test_admin_drivers_list" time="0.069" /><testcase classname="backend.tests.test_sourapple_api" name="test_driver_open_jobs" time="0.069" /><testcase classname="backend.tests.test_sourapple_api" name="test_driver_claim_auto_assign" time="0.099" /><testcase classname="backend.tests.test_sourapple_api" name="test_driver_double_claim_400" time="0.073" /><testcase classname="backend.tests.test_sourapple_api" name="test_driver_status_update" time="0.148" /><testcase classname="backend.tests.test_sourapple_api" name="test_driver_cannot_approve" time="0.068" /><testcase classname="backend.tests.test_sourapple_api" name="test_payments_mock_marks_paid" time="0.136" /><testcase classname="backend.tests.test_sourapple_api" name="test_ai_stain_tips" time="1.667"><failure message="AssertionError: Internal Server Error&#10;assert 500 == 200&#10; +  where 500 = &lt;Response [500]&gt;.status_code">backend/tests/test_sourapple_api.py:233: in test_ai_stain_tips
    assert r.status_code == 200, r.text
E   AssertionError: Internal Server Error
E   assert 500 == 200
E    +  where 500 = &lt;Response [500]&gt;.status_code</failure></testcase><testcase classname="backend.tests.test_sourapple_api" name="test_ai_support_admin_only" time="0.761"><failure message="assert 500 == 200&#10; +  where 500 = &lt;Response [500]&gt;.status_code">backend/tests/test_sourapple_api.py:243: in test_ai_support_admin_only
    assert r2.status_code == 200
E   assert 500 == 200
E    +  where 500 = &lt;Response [500]&gt;.status_code</failure></testcase><testcase classname="backend.tests.test_sourapple_api" name="test_rate_and_reorder" time="0.158" /></testsuite></testsuites>